{
  "stats": {
    "suites": 1,
    "tests": 1,
    "passes": 1,
    "pending": 0,
    "failures": 0,
    "start": "2023-09-20T12:25:06.576Z",
    "end": "2023-09-20T12:25:11.810Z",
    "duration": 5234,
    "testsRegistered": 1,
    "passPercent": 100,
    "pendingPercent": 0,
    "other": 0,
    "hasOther": false,
    "skipped": 0,
    "hasSkipped": false
  },
  "results": [
    {
      "uuid": "0507c55a-af53-4e87-b531-cbce4cc7a020",
      "title": "",
      "fullFile": "cypress/e2e/simplidots_tmdb/login.cy.ts",
      "file": "cypress/e2e/simplidots_tmdb/login.cy.ts",
      "beforeHooks": [],
      "afterHooks": [],
      "tests": [],
      "suites": [
        {
          "uuid": "c3f5dd41-6212-4aa9-b1e9-6c0c39ba3dbf",
          "title": "Login",
          "fullFile": "",
          "file": "",
          "beforeHooks": [],
          "afterHooks": [],
          "tests": [
            {
              "title": "Login into ",
              "fullTitle": "Login Login into ",
              "timedOut": null,
              "duration": 3020,
              "state": "passed",
              "speed": "fast",
              "pass": true,
              "fail": false,
              "pending": false,
              "context": null,
              "code": "cy.visit('https://www.themoviedb.org/login');\ncy.get('#username').type('fanfanmyid');\ncy.get('#password').type('fanfanmyid');\ncy.get('#login_button').click();",
              "err": {},
              "uuid": "4d278ee0-6534-4943-beb9-73bb5651ffea",
              "parentUUID": "c3f5dd41-6212-4aa9-b1e9-6c0c39ba3dbf",
              "isHook": false,
              "skipped": false
            }
          ],
          "suites": [],
          "passes": [
            "4d278ee0-6534-4943-beb9-73bb5651ffea"
          ],
          "failures": [],
          "pending": [],
          "skipped": [],
          "duration": 3020,
          "root": false,
          "rootEmpty": false,
          "_timeout": 2000
        }
      ],
      "passes": [],
      "failures": [],
      "pending": [],
      "skipped": [],
      "duration": 0,
      "root": true,
      "rootEmpty": true,
      "_timeout": 2000
    }
  ],
  "meta": {
    "mocha": {
      "version": "7.0.1"
    },
    "mochawesome": {
      "options": {
        "quiet": true,
        "reportFilename": "mochawesome",
        "saveHtml": true,
        "saveJson": true,
        "consoleReporter": "spec",
        "useInlineDiffs": false,
        "code": true
      },
      "version": "7.1.3"
    },
    "marge": {
      "options": {
        "id": "default",
        "reportDir": "cypress/reports/mocha",
        "quiet": true,
        "overwrite": false,
        "html": true,
        "json": true
      },
      "version": "6.2.0"
    }
  }
}