{
  "stats": {
    "suites": 1,
    "tests": 1,
    "passes": 1,
    "pending": 0,
    "failures": 0,
    "start": "2023-09-20T12:24:55.140Z",
    "end": "2023-09-20T12:25:04.085Z",
    "duration": 8945,
    "testsRegistered": 1,
    "passPercent": 100,
    "pendingPercent": 0,
    "other": 0,
    "hasOther": false,
    "skipped": 0,
    "hasSkipped": false
  },
  "results": [
    {
      "uuid": "8807054d-5ef4-40cb-9674-8f0292f8e85f",
      "title": "",
      "fullFile": "cypress/e2e/simplidots_tmdb/default.cy.ts",
      "file": "cypress/e2e/simplidots_tmdb/default.cy.ts",
      "beforeHooks": [],
      "afterHooks": [],
      "tests": [],
      "suites": [
        {
          "uuid": "d24ff9be-499b-46ab-a399-0909aa890905",
          "title": "Login",
          "fullFile": "",
          "file": "",
          "beforeHooks": [],
          "afterHooks": [],
          "tests": [
            {
              "title": "Login into ",
              "fullTitle": "Login Login into ",
              "timedOut": null,
              "duration": 6340,
              "state": "passed",
              "speed": "medium",
              "pass": true,
              "fail": false,
              "pending": false,
              "context": null,
              "code": "cy.visit('https://www.themoviedb.org/login');\ncy.get('#username').type('fanfanmyid');\ncy.get('#password').type('fanfanmyid');\ncy.get('#login_button').click();",
              "err": {},
              "uuid": "5feb8561-0813-4883-9907-17ddc5a3f400",
              "parentUUID": "d24ff9be-499b-46ab-a399-0909aa890905",
              "isHook": false,
              "skipped": false
            }
          ],
          "suites": [],
          "passes": [
            "5feb8561-0813-4883-9907-17ddc5a3f400"
          ],
          "failures": [],
          "pending": [],
          "skipped": [],
          "duration": 6340,
          "root": false,
          "rootEmpty": false,
          "_timeout": 2000
        }
      ],
      "passes": [],
      "failures": [],
      "pending": [],
      "skipped": [],
      "duration": 0,
      "root": true,
      "rootEmpty": true,
      "_timeout": 2000
    }
  ],
  "meta": {
    "mocha": {
      "version": "7.0.1"
    },
    "mochawesome": {
      "options": {
        "quiet": true,
        "reportFilename": "mochawesome",
        "saveHtml": true,
        "saveJson": true,
        "consoleReporter": "spec",
        "useInlineDiffs": false,
        "code": true
      },
      "version": "7.1.3"
    },
    "marge": {
      "options": {
        "id": "default",
        "reportDir": "cypress/reports/mocha",
        "quiet": true,
        "overwrite": false,
        "html": true,
        "json": true
      },
      "version": "6.2.0"
    }
  }
}